   1               		.file	"main.c"
   2               	__SREG__ = 0x3f
   3               	__SP_H__ = 0x3e
   4               	__SP_L__ = 0x3d
   5               	__CCP__ = 0x34
   6               	__tmp_reg__ = 0
   7               	__zero_reg__ = 1
   8               		.global __do_copy_data
   9               		.global __do_clear_bss
  10               		.section	.text.ddr_setup,"ax",@progbits
  11               	.global	ddr_setup
  13               	ddr_setup:
  14               	/* prologue: function */
  15               	/* frame size = 0 */
  16               	/* stack size = 0 */
  17               	.L__stack_usage = 0
  18 0000 11B8      		out 33-32,__zero_reg__
  19 0002 80EE      		ldi r24,lo8(-32)
  20 0004 84B9      		out 36-32,r24
  21 0006 8FEF      		ldi r24,lo8(-1)
  22 0008 87B9      		out 39-32,r24
  23 000a 8AB9      		out 42-32,r24
  24 000c 5298      		cbi 42-32,2
  25 000e 8DB9      		out 45-32,r24
  26 0010 10BA      		out 48-32,__zero_reg__
  27               	/* epilogue start */
  28 0012 0895      		ret
  30               		.section	.text.pwm_setup,"ax",@progbits
  31               	.global	pwm_setup
  33               	pwm_setup:
  34               	/* prologue: function */
  35               	/* frame size = 0 */
  36               	/* stack size = 0 */
  37               	.L__stack_usage = 0
  38 0000 1092 8000 		sts 128,__zero_reg__
  39 0004 8CE0      		ldi r24,lo8(12)
  40 0006 8093 8100 		sts 129,r24
  41 000a 1092 8500 		sts 132+1,__zero_reg__
  42 000e 1092 8400 		sts 132,__zero_reg__
  43 0012 88EE      		ldi r24,lo8(1000)
  44 0014 93E0      		ldi r25,hi8(1000)
  45 0016 9093 8900 		sts 136+1,r25
  46 001a 8093 8800 		sts 136,r24
  47 001e 9093 8B00 		sts 138+1,r25
  48 0022 8093 8A00 		sts 138,r24
  49 0026 86E0      		ldi r24,lo8(6)
  50 0028 8093 6F00 		sts 111,r24
  51               	/* epilogue start */
  52 002c 0895      		ret
  54               		.section	.text.motor_speed,"ax",@progbits
  55               	.global	motor_speed
  57               	motor_speed:
  58               	/* prologue: function */
  59               	/* frame size = 0 */
  60               	/* stack size = 0 */
  61               	.L__stack_usage = 0
  62 0000 982F      		mov r25,r24
  63 0002 907C      		andi r25,lo8(-64)
  64 0004 8F70      		andi r24,lo8(15)
  65 0006 9038      		cpi r25,lo8(-128)
  66 0008 01F0      		breq .L4
  67 000a 9034      		cpi r25,lo8(64)
  68 000c 01F4      		brne .L9
  69 000e 00C0      		rjmp .L12
  70               	.L4:
  71 0010 8823      		tst r24
  72 0012 01F4      		brne .L7
  73 0014 5C9A      		sbi 43-32,4
  74               	.L7:
  75 0016 5C98      		cbi 43-32,4
  76 0018 00C0      		rjmp .L11
  77               	.L12:
  78 001a 8823      		tst r24
  79 001c 01F4      		brne .L8
  80 001e 5E9A      		sbi 43-32,6
  81               	.L8:
  82 0020 5E9A      		sbi 43-32,6
  83               	.L11:
  84 0022 81E0      		ldi r24,lo8(1)
  85 0024 0895      		ret
  86               	.L9:
  87 0026 80E0      		ldi r24,lo8(0)
  88 0028 0895      		ret
  90               		.section	.text.__vector_25,"ax",@progbits
  91               	.global	__vector_25
  93               	__vector_25:
  94 0000 1F92      		push r1
  95 0002 0F92      		push r0
  96 0004 0FB6      		in r0,__SREG__
  97 0006 0F92      		push r0
  98 0008 1124      		clr __zero_reg__
  99 000a 8F93      		push r24
 100 000c 9F93      		push r25
 101               	/* prologue: Signal */
 102               	/* frame size = 0 */
 103               	/* stack size = 5 */
 104               	.L__stack_usage = 5
 105 000e 8091 CE00 		lds r24,206
 106 0012 982F      		mov r25,r24
 107 0014 9068      		ori r25,lo8(-128)
 108 0016 9038      		cpi r25,lo8(-128)
 109 0018 01F4      		brne .L14
 110 001a 8093 0000 		sts motor1_state,r24
 111 001e 00C0      		rjmp .L13
 112               	.L14:
 113 0020 982F      		mov r25,r24
 114 0022 9064      		ori r25,lo8(64)
 115 0024 9034      		cpi r25,lo8(64)
 116 0026 01F4      		brne .L13
 117 0028 8093 0000 		sts motor2_state,r24
 118               	.L13:
 119               	/* epilogue start */
 120 002c 9F91      		pop r25
 121 002e 8F91      		pop r24
 122 0030 0F90      		pop r0
 123 0032 0FBE      		out __SREG__,r0
 124 0034 0F90      		pop r0
 125 0036 1F90      		pop r1
 126 0038 1895      		reti
 128               		.section	.text.__vector_17,"ax",@progbits
 129               	.global	__vector_17
 131               	__vector_17:
 132 0000 1F92      		push r1
 133 0002 0F92      		push r0
 134 0004 0FB6      		in r0,__SREG__
 135 0006 0F92      		push r0
 136 0008 1124      		clr __zero_reg__
 137 000a 2F93      		push r18
 138 000c 8F93      		push r24
 139 000e 9F93      		push r25
 140               	/* prologue: Signal */
 141               	/* frame size = 0 */
 142               	/* stack size = 6 */
 143               	.L__stack_usage = 6
 144 0010 8091 8800 		lds r24,136
 145 0014 9091 8900 		lds r25,136+1
 146 0018 23E0      		ldi r18,hi8(1000)
 147 001a 883E      		cpi r24,lo8(1000)
 148 001c 9207      		cpc r25,r18
 149 001e 01F4      		brne .L17
 150 0020 5D9A      		sbi 43-32,5
 151 0022 80ED      		ldi r24,lo8(2000)
 152 0024 97E0      		ldi r25,hi8(2000)
 153 0026 00C0      		rjmp .L19
 154               	.L17:
 155 0028 5D98      		cbi 43-32,5
 156 002a 88EE      		ldi r24,lo8(1000)
 157 002c 93E0      		ldi r25,hi8(1000)
 158               	.L19:
 159 002e 9093 8900 		sts 136+1,r25
 160 0032 8093 8800 		sts 136,r24
 161               	/* epilogue start */
 162 0036 9F91      		pop r25
 163 0038 8F91      		pop r24
 164 003a 2F91      		pop r18
 165 003c 0F90      		pop r0
 166 003e 0FBE      		out __SREG__,r0
 167 0040 0F90      		pop r0
 168 0042 1F90      		pop r1
 169 0044 1895      		reti
 171               		.section	.text.__vector_18,"ax",@progbits
 172               	.global	__vector_18
 174               	__vector_18:
 175 0000 1F92      		push r1
 176 0002 0F92      		push r0
 177 0004 0FB6      		in r0,__SREG__
 178 0006 0F92      		push r0
 179 0008 1124      		clr __zero_reg__
 180 000a 2F93      		push r18
 181 000c 8F93      		push r24
 182 000e 9F93      		push r25
 183               	/* prologue: Signal */
 184               	/* frame size = 0 */
 185               	/* stack size = 6 */
 186               	.L__stack_usage = 6
 187 0010 8091 8A00 		lds r24,138
 188 0014 9091 8B00 		lds r25,138+1
 189 0018 23E0      		ldi r18,hi8(1000)
 190 001a 883E      		cpi r24,lo8(1000)
 191 001c 9207      		cpc r25,r18
 192 001e 01F4      		brne .L21
 193 0020 5F9A      		sbi 43-32,7
 194 0022 80ED      		ldi r24,lo8(2000)
 195 0024 97E0      		ldi r25,hi8(2000)
 196 0026 00C0      		rjmp .L23
 197               	.L21:
 198 0028 5F98      		cbi 43-32,7
 199 002a 88EE      		ldi r24,lo8(1000)
 200 002c 93E0      		ldi r25,hi8(1000)
 201               	.L23:
 202 002e 9093 8B00 		sts 138+1,r25
 203 0032 8093 8A00 		sts 138,r24
 204               	/* epilogue start */
 205 0036 9F91      		pop r25
 206 0038 8F91      		pop r24
 207 003a 2F91      		pop r18
 208 003c 0F90      		pop r0
 209 003e 0FBE      		out __SREG__,r0
 210 0040 0F90      		pop r0
 211 0042 1F90      		pop r1
 212 0044 1895      		reti
 214               		.section	.text.clearArray,"ax",@progbits
 215               	.global	clearArray
 217               	clearArray:
 218               	/* prologue: function */
 219               	/* frame size = 0 */
 220               	/* stack size = 0 */
 221               	.L__stack_usage = 0
 222 0000 18B8      		out 40-32,__zero_reg__
 223 0002 85B1      		in r24,37-32
 224 0004 806C      		ori r24,lo8(-64)
 225 0006 85B9      		out 37-32,r24
 226 0008 85B1      		in r24,37-32
 227 000a 8F73      		andi r24,lo8(63)
 228 000c 85B9      		out 37-32,r24
 229               	/* epilogue start */
 230 000e 0895      		ret
 232               		.section	.text.mtr_cmd,"ax",@progbits
 233               	.global	mtr_cmd
 235               	mtr_cmd:
 236               	/* prologue: function */
 237               	/* frame size = 0 */
 238               	/* stack size = 0 */
 239               	.L__stack_usage = 0
 240 0000 8A33      		cpi r24,lo8(58)
 241 0002 01F4      		brne .L26
 242 0004 5C9A      		sbi 43-32,4
 243 0006 5E9A      		sbi 43-32,6
 244 0008 0895      		ret
 245               	.L26:
 246 000a 8031      		cpi r24,lo8(16)
 247 000c 01F4      		brne .L28
 248 000e 5C98      		cbi 43-32,4
 249 0010 5E98      		cbi 43-32,6
 250 0012 8BB1      		in r24,43-32
 251 0014 8F75      		andi r24,lo8(95)
 252 0016 00C0      		rjmp .L31
 253               	.L28:
 254 0018 8032      		cpi r24,lo8(32)
 255 001a 01F4      		brne .L29
 256 001c 5C98      		cbi 43-32,4
 257 001e 5E98      		cbi 43-32,6
 258 0020 8BB1      		in r24,43-32
 259 0022 806A      		ori r24,lo8(-96)
 260               	.L31:
 261 0024 8BB9      		out 43-32,r24
 262 0026 0895      		ret
 263               	.L29:
 264 0028 8232      		cpi r24,lo8(34)
 265 002a 01F4      		brne .L30
 266 002c 5C98      		cbi 43-32,4
 267 002e 5E98      		cbi 43-32,6
 268 0030 5F9A      		sbi 43-32,7
 269 0032 5D98      		cbi 43-32,5
 270 0034 0895      		ret
 271               	.L30:
 272 0036 8333      		cpi r24,lo8(51)
 273 0038 01F4      		brne .L25
 274 003a 5C98      		cbi 43-32,4
 275 003c 5E98      		cbi 43-32,6
 276 003e 5D9A      		sbi 43-32,5
 277 0040 5F98      		cbi 43-32,7
 278               	.L25:
 279 0042 0895      		ret
 281               		.section	.text.startup.main,"ax",@progbits
 282               	.global	main
 284               	main:
 285               	/* prologue: function */
 286               	/* frame size = 0 */
 287               	/* stack size = 0 */
 288               	.L__stack_usage = 0
 289 0000 0E94 0000 		call ddr_setup
 290 0004 60E8      		ldi r22,lo8(9600)
 291 0006 75E2      		ldi r23,hi8(9600)
 292 0008 80E0      		ldi r24,hlo8(9600)
 293 000a 90E0      		ldi r25,hhi8(9600)
 294 000c 0E94 0000 		call usart_setup
 295 0010 0E94 0000 		call clearArray
 296 0014 80E4      		ldi r24,lo8(64)
 297 0016 85B9      		out 37-32,r24
 298 0018 8FEF      		ldi r24,lo8(-1)
 299 001a 88B9      		out 40-32,r24
 300 001c 8BB9      		out 43-32,r24
 301 001e 1EB8      		out 46-32,__zero_reg__
 302               	.L33:
 303 0020 0E94 0000 		call usart_readbyte
 304 0024 0E94 0000 		call mtr_cmd
 305 0028 00C0      		rjmp .L33
 307               	.global	motor2_state
 308               	.global	motor2_state
 309               		.section .bss
 312               	motor2_state:
 313 0000 00        		.skip 1,0
 314               	.global	motor1_state
 315               	.global	motor1_state
 318               	motor1_state:
 319 0001 00        		.skip 1,0
DEFINED SYMBOLS
                            *ABS*:00000000 main.c
/var/folders/5w/yy1wvsvs3qlc3rl7_n518bq80000gr/T//ccmlS7ms.s:2      *ABS*:0000003f __SREG__
/var/folders/5w/yy1wvsvs3qlc3rl7_n518bq80000gr/T//ccmlS7ms.s:3      *ABS*:0000003e __SP_H__
/var/folders/5w/yy1wvsvs3qlc3rl7_n518bq80000gr/T//ccmlS7ms.s:4      *ABS*:0000003d __SP_L__
/var/folders/5w/yy1wvsvs3qlc3rl7_n518bq80000gr/T//ccmlS7ms.s:5      *ABS*:00000034 __CCP__
/var/folders/5w/yy1wvsvs3qlc3rl7_n518bq80000gr/T//ccmlS7ms.s:6      *ABS*:00000000 __tmp_reg__
/var/folders/5w/yy1wvsvs3qlc3rl7_n518bq80000gr/T//ccmlS7ms.s:7      *ABS*:00000001 __zero_reg__
/var/folders/5w/yy1wvsvs3qlc3rl7_n518bq80000gr/T//ccmlS7ms.s:13     .text.ddr_setup:00000000 ddr_setup
/var/folders/5w/yy1wvsvs3qlc3rl7_n518bq80000gr/T//ccmlS7ms.s:33     .text.pwm_setup:00000000 pwm_setup
/var/folders/5w/yy1wvsvs3qlc3rl7_n518bq80000gr/T//ccmlS7ms.s:57     .text.motor_speed:00000000 motor_speed
/var/folders/5w/yy1wvsvs3qlc3rl7_n518bq80000gr/T//ccmlS7ms.s:93     .text.__vector_25:00000000 __vector_25
/var/folders/5w/yy1wvsvs3qlc3rl7_n518bq80000gr/T//ccmlS7ms.s:318    .bss:00000001 motor1_state
/var/folders/5w/yy1wvsvs3qlc3rl7_n518bq80000gr/T//ccmlS7ms.s:312    .bss:00000000 motor2_state
/var/folders/5w/yy1wvsvs3qlc3rl7_n518bq80000gr/T//ccmlS7ms.s:131    .text.__vector_17:00000000 __vector_17
/var/folders/5w/yy1wvsvs3qlc3rl7_n518bq80000gr/T//ccmlS7ms.s:174    .text.__vector_18:00000000 __vector_18
/var/folders/5w/yy1wvsvs3qlc3rl7_n518bq80000gr/T//ccmlS7ms.s:217    .text.clearArray:00000000 clearArray
/var/folders/5w/yy1wvsvs3qlc3rl7_n518bq80000gr/T//ccmlS7ms.s:235    .text.mtr_cmd:00000000 mtr_cmd
/var/folders/5w/yy1wvsvs3qlc3rl7_n518bq80000gr/T//ccmlS7ms.s:284    .text.startup.main:00000000 main

UNDEFINED SYMBOLS
__do_copy_data
__do_clear_bss
usart_setup
usart_readbyte
